
> backend@1.0.0 start
> node server.js

Attempting to connect to IPFS at: http://127.0.0.1:5001
IPFS client initialized with API URL: http://127.0.0.1:5001
Initializing StudentDirectoryService with:
- RPC URL: http://127.0.0.1:8545
- Contract Address: 0x610178dA211FEF7D417bC0e6FeD39F05609AD788
node:events:496
      throw er; // Unhandled 'error' event
      ^

Error: listen EADDRINUSE: address already in use :::3001
    at Server.setupListenHandle [as _listen2] (node:net:1937:16)
    at listenInCluster (node:net:1994:12)
    at Server.listen (node:net:2099:7)
    at Function.listen (/Users/juanluengo/Desktop/TFG-Informatica/backend/node_modules/express/lib/application.js:635:24)
    at file:///Users/juanluengo/Desktop/TFG-Informatica/backend/server.js:89:5
    at ModuleJob.run (node:internal/modules/esm/module_job:271:25)
    at async onImport.tracePromise.__proto__ (node:internal/modules/esm/loader:578:26)
    at async asyncRunEntryPointWithESMLoader (node:internal/modules/run_main:116:5)
Emitted 'error' event on Server instance at:
    at emitErrorNT (node:net:1973:8)
    at process.processTicksAndRejections (node:internal/process/task_queues:90:21) {
  code: 'EADDRINUSE',
  errno: -48,
  syscall: 'listen',
  address: '::',
  port: 3001
}

Node.js v22.14.0
