Attempting to connect to IPFS at: http://127.0.0.1:5001
IPFS client initialized with API URL: http://127.0.0.1:5001
Starting comprehensive simulation...
Environment validated successfully

Available Hardhat Node Accounts:
IPFS connection successful. Version: 0.33.2
Account 0:
  Address: [object Object]
  Private Key: undefined
  Balance: 9999.984750734855330723 ETH

Account 1:
  Address: [object Object]
  Private Key: undefined
  Balance: 10000.0 ETH

Account 2:
  Address: [object Object]
  Private Key: undefined
  Balance: 10000.0 ETH

Account 3:
  Address: [object Object]
  Private Key: undefined
  Balance: 10000.0 ETH

Account 4:
  Address: [object Object]
  Private Key: undefined
  Balance: 10000.0 ETH

Account 5:
  Address: [object Object]
  Private Key: undefined
  Balance: 10000.0 ETH

Account 6:
  Address: [object Object]
  Private Key: undefined
  Balance: 10000.0 ETH

Account 7:
  Address: [object Object]
  Private Key: undefined
  Balance: 10000.0 ETH

Account 8:
  Address: [object Object]
  Private Key: undefined
  Balance: 10000.0 ETH

Account 9:
  Address: [object Object]
  Private Key: undefined
  Balance: 10000.0 ETH

Account 10:
  Address: [object Object]
  Private Key: undefined
  Balance: 10000.0 ETH

Account 11:
  Address: [object Object]
  Private Key: undefined
  Balance: 10000.0 ETH

Account 12:
  Address: [object Object]
  Private Key: undefined
  Balance: 10000.0 ETH

Account 13:
  Address: [object Object]
  Private Key: undefined
  Balance: 10000.0 ETH

Account 14:
  Address: [object Object]
  Private Key: undefined
  Balance: 10000.0 ETH

Account 15:
  Address: [object Object]
  Private Key: undefined
  Balance: 10000.0 ETH

Account 16:
  Address: [object Object]
  Private Key: undefined
  Balance: 10000.0 ETH

Account 17:
  Address: [object Object]
  Private Key: undefined
  Balance: 10000.0 ETH

Account 18:
  Address: [object Object]
  Private Key: undefined
  Balance: 10000.0 ETH

Account 19:
  Address: [object Object]
  Private Key: undefined
  Balance: 10000.0 ETH

Contracts initialized successfully

1. Testing StudentDirectory Contract Functions...

Registering new student...
✓ Student registration successful

Retrieving student information...
✓ Student info retrieved: Result(5) [ 'John', 'Doe', 'Smith', 'Computer Science', true ]

Deactivating student...
✓ Student deactivated successfully

Reactivating student...
✓ Student reactivated successfully

2. Testing AcademicRecords Contract Functions...

Issuing new credential...
Processing JSON data for IPFS upload, size: 50
Attempting to upload to IPFS node...
Successfully uploaded to IPFS node: QmYejkQTJzWNQaAwHhiH7R16MedVPtPUiNHRm4ZSD4eB4u
✓ Credential issued successfully
Transaction hash: 0xe82584ed855241cd830ace588c8d0ad13e6fa7e623decb0449de89f5afe47c23

3. Testing Admin Management...

Adding new admin...
✓ New admin added successfully

Simulation completed successfully!
